Using pre-set license
Built from '2021.1/staging' branch; Version is '2021.1.22f1 (a137e5fb0427) revision 10565605'; Using compiler version '192528614'; Build Type 'Release'
OS: 'Windows 10 Home; OS build 22523.1000; Version 2009; 64bit' Language: 'en' Physical Memory: 3919 MB
BatchMode: 1, IsHumanControllingUs: 0, StartBugReporterOnCrash: 0, Is64bit: 1, IsPro: 0

COMMAND LINE ARGUMENTS:
C:\Program Files\Unity\Hub\Editor\2021.1.22f1\Editor\Unity.exe
-adb2
-batchMode
-noUpm
-name
AssetImportWorker1
-projectPath
C:/Users/Costin/Documents/GitHub/FpsProject/Fps Project
-logFile
Logs/AssetImportWorker1.log
-srvPort
50686
Successfully changed project path to: C:/Users/Costin/Documents/GitHub/FpsProject/Fps Project
C:/Users/Costin/Documents/GitHub/FpsProject/Fps Project
Using Asset Import Pipeline V2.
